<?xml version="1.0" encoding="UTF-8"?>
<testsuite name="com.eju.cy.drawlibrary.ExampleUnitTest" tests="1" skipped="0" failures="0" errors="0" timestamp="2019-09-02T09:20:04" hostname="EjudeMacBook-Pro-5.local" time="0.001">
  <properties/>
  <testcase name="addition_isCorrect" classname="com.eju.cy.drawlibrary.ExampleUnitTest" time="0.001"/>
  <system-out><![CDATA[]]></system-out>
  <system-err><![CDATA[]]></system-err>
</testsuite>
