<?xml version="1.0" encoding="UTF-8"?>
<testsuite name="com.eju.cy.drawlibrary.ExampleUnitTest" tests="1" skipped="0" failures="0" errors="0" timestamp="2019-08-19T06:01:44" hostname="EjudeMacBook-Pro-5.local" time="0.007">
  <properties/>
  <testcase name="addition_isCorrect" classname="com.eju.cy.drawlibrary.ExampleUnitTest" time="0.007"/>
  <system-out><![CDATA[]]></system-out>
  <system-err><![CDATA[]]></system-err>
</testsuite>
